373
0 12 13 19 30
1 2 4 6 8
3 33 47 49 52
5 55 73 76 88
7 14 16 41 44
9 11 21 22 53
10 26 85 91 99
15 40 50 59 60
17 18 29 34 46
20 23 62 66 68
24 28 31 39 65
25 43 57 58 75
27 36 64 79 98
32 48 54 77 97
35 42 56 61 82
37 67 83 86 87
38 45 74 80 90
51 69 71 78 93
63 70 72 81 89
84 92 94 95 96
948
0 21 72 73 92
5 40 59 76 82
42 47 66 68 85
11 41 55 62 67
7 25 30 45 86
9 22 53 63 64
10 27 49 50 80
1 8 15 19 60
17 18 34 70 98
3 4 20 23 52
16 24 39 74 87
13 29 43 56 75
36 46 79 95 99
32 48 54 58 77
35 44 61 89 91
31 37 57 83 84
12 26 38 90 97
51 69 71 78 93
2 6 14 33 81
28 65 88 94 96
