1417
0 4 13 21 23 37 38 42 60 77
1 12 30 31 57 58 66 106 128 130
2 25 55 72 75 81 86 87 88 102
3 9 27 39 40 48 80 94 100 104
5 6 17 20 22 49 73 82 96 108
7 63 68 90 98 135 144 161 174 175
8 18 24 29 32 71 99 103 105 110
10 14 53 67 123 124 126 133 134 138
11 36 43 45 61 84 92 142 162 163
15 26 59 85 112 117 119 122 125 131
16 34 52 64 107 109 149 157 160 193
19 50 101 172 178 202 223 228 230 234
28 41 56 70 83 118 132 164 167 168
33 146 154 155 166 190 191 196 199 204
35 51 93 140 170 171 221 227 232 233
44 97 145 159 179 180 205 210 216 242
46 115 116 127 141 158 192 201 215 219
47 120 139 152 169 184 185 187 203 214
54 65 69 95 111 137 186 200 243 244
62 147 150 177 194 208 212 229 239 248
74 113 156 181 197 206 207 211 220 240
76 79 91 143 153 182 195 198 224 235
78 151 173 176 188 209 226 231 241 247
89 114 121 129 165 213 236 237 238 246
136 148 183 189 217 218 222 225 245 249
3906
0 4 37 38 39 60 139 149 165 185
1 12 26 58 80 84 116 126 130 170
55 65 79 86 87 123 148 173 202 215
3 20 23 31 48 104 171 180 188 211
5 6 22 73 82 115 122 147 169 198
7 57 98 135 142 144 174 175 238 244
8 9 24 32 103 105 145 166 192 213
10 14 25 63 109 111 119 124 133 159
11 45 53 56 61 110 163 201 210 231
17 64 85 113 117 125 129 136 138 178
15 16 34 36 52 96 107 154 157 193
19 30 50 128 172 208 223 230 234 239
28 68 83 164 167 186 194 233 236 247
33 69 108 114 146 182 190 191 204 225
18 35 51 70 72 93 143 221 227 232
29 44 75 94 179 205 216 237 241 242
2 46 71 92 102 112 141 158 206 219
21 42 47 100 120 152 189 203 207 214
43 54 81 95 118 121 137 140 200 243
62 90 134 150 155 212 224 228 229 249
59 66 74 106 127 156 161 181 197 240
49 67 76 91 131 153 187 199 217 235
40 78 88 97 132 151 177 184 220 226
27 77 89 99 162 168 176 195 196 246
13 41 101 160 183 209 218 222 245 248
