1235
0 5 10 13 15 30 33 47 51 66
1 22 32 38 50 84 90 105 110 114
2 14 16 46 49 75 108 113 120 132
3 21 26 36 58 59 63 67 80 81
4 17 43 54 72 74 85 91 104 117
6 9 11 41 68 82 83 96 141 147
7 23 65 73 86 95 115 142 145 158
8 19 39 44 52 89 154 163 173 176
12 18 119 121 127 134 135 146 194 198
20 60 100 103 164 192 204 212 226 234
24 92 97 111 118 153 161 170 181 184
25 29 31 40 48 62 69 77 88 122
27 56 71 112 125 140 148 167 232 238
28 53 70 128 162 171 182 183 209 215
34 93 98 99 126 129 185 196 213 221
35 106 107 124 131 189 190 217 245 249
37 133 151 180 205 210 227 228 243 248
42 138 144 174 179 186 187 199 242 244
45 79 101 109 130 156 201 206 208 214
55 78 102 136 139 197 207 220 231 236
57 61 64 87 94 123 177 223 224 240
76 116 149 160 166 200 202 203 229 239
137 150 157 165 169 172 195 211 219 237
143 152 155 175 178 193 222 225 230 241
159 168 188 191 216 218 233 235 246 247
3784
0 10 15 30 33 78 115 141 180 200
1 5 32 84 87 110 120 133 161 178
2 14 16 46 48 59 74 94 102 172
3 21 26 36 136 146 192 235 243 246
4 13 49 72 118 128 155 174 224 237
9 11 20 66 97 134 147 157 186 226
7 23 51 64 73 80 107 162 198 217
8 39 43 89 103 105 163 176 231 242
12 18 22 63 65 83 85 99 135 145
6 79 82 100 164 167 194 213 218 234
24 67 71 153 170 181 182 184 204 233
25 29 31 62 77 88 108 122 152 197
27 38 50 56 91 112 140 202 211 232
28 53 68 69 75 86 171 183 219 248
34 45 92 95 98 119 129 185 187 240
35 40 106 124 131 149 158 190 221 222
19 37 47 57 143 151 205 210 225 228
42 52 117 121 132 138 144 150 199 239
109 126 130 156 166 168 201 206 212 214
55 58 113 139 154 196 207 220 236 238
41 61 104 111 114 123 159 173 188 223
44 76 81 116 160 203 208 229 244 245
17 70 90 93 96 127 137 165 195 230
101 125 142 169 175 189 193 215 227 241
54 60 148 177 179 191 209 216 247 249
