287
0 7 28
1 12 29
2 4 26
3 5 33
6 20 23
8 9 19
10 15 27
11 14 57
13 39 50
16 52 55
17 36 41
18 49 53
21 71 78
22 44 45
24 37 72
25 40 42
30 32 46
31 51 73
34 54 61
35 84 85
38 62 74
43 59 67
47 56 77
48 75 88
58 81 96
60 79 83
63 69 86
64 68 76
65 94 97
66 70 95
80 92 93
82 90 98
87 89 91
607
0 7 47
12 44 94
2 26 74
5 51 72
20 77 82
8 9 83
1 15 93
11 14 87
13 41 50
16 52 63
17 33 36
18 49 53
21 71 78
22 45 56
24 37 73
25 40 60
30 32 61
6 31 68
23 27 34
66 76 79
4 38 85
43 84 88
3 39 86
48 57 59
70 81 96
54 89 92
29 67 69
28 62 64
46 65 97
35 75 80
10 42 95
55 90 98
19 58 91
